0 info it worked if it ends with ok
1 verbose cli [ 'C:\\Program Files\\nodejs\\node.exe',
1 verbose cli   'C:\\Program Files\\nodejs\\node_modules\\npm\\bin\\npm-cli.js',
1 verbose cli   'install',
1 verbose cli   'ngstorage' ]
2 info using npm@2.15.1
3 info using node@v4.4.3
4 verbose install initial load of C:\Users\Bailey\Documents\GitHub\recipe_box\package.json
5 verbose installManyTop reading scoped package data from C:\Users\Bailey\Documents\GitHub\recipe_box\node_modules\angular\package.json
6 verbose installManyTop reading scoped package data from C:\Users\Bailey\Documents\GitHub\recipe_box\node_modules\angular-animate\package.json
7 verbose installManyTop reading scoped package data from C:\Users\Bailey\Documents\GitHub\recipe_box\node_modules\angular-resource\package.json
8 verbose installManyTop reading scoped package data from C:\Users\Bailey\Documents\GitHub\recipe_box\node_modules\angular-route\package.json
9 verbose installManyTop reading scoped package data from C:\Users\Bailey\Documents\GitHub\recipe_box\node_modules\angular-touch\package.json
10 verbose installManyTop reading scoped package data from C:\Users\Bailey\Documents\GitHub\recipe_box\node_modules\body-parser\package.json
11 verbose installManyTop reading scoped package data from C:\Users\Bailey\Documents\GitHub\recipe_box\node_modules\bootstrap\package.json
12 verbose installManyTop reading scoped package data from C:\Users\Bailey\Documents\GitHub\recipe_box\node_modules\express\package.json
13 verbose installManyTop reading scoped package data from C:\Users\Bailey\Documents\GitHub\recipe_box\node_modules\mongojs\package.json
14 verbose installManyTop reading scoped package data from C:\Users\Bailey\Documents\GitHub\recipe_box\node_modules\mongoose\package.json
15 verbose installManyTop reading scoped package data from C:\Users\Bailey\Documents\GitHub\recipe_box\node_modules\ng-cookies\package.json
16 verbose installManyTop reading scoped package data from C:\Users\Bailey\Documents\GitHub\recipe_box\node_modules\ng-storage\package.json
17 verbose readDependencies loading dependencies from C:\Users\Bailey\Documents\GitHub\recipe_box\package.json
18 silly cache add args [ 'ngstorage', null ]
19 verbose cache add spec ngstorage
20 silly cache add parsed spec Result {
20 silly cache add   raw: 'ngstorage',
20 silly cache add   scope: null,
20 silly cache add   name: 'ngstorage',
20 silly cache add   rawSpec: '',
20 silly cache add   spec: 'latest',
20 silly cache add   type: 'tag' }
21 silly addNamed ngstorage@latest
22 verbose addNamed "latest" is being treated as a dist-tag for ngstorage
23 info addNameTag [ 'ngstorage', 'latest' ]
24 silly mapToRegistry name ngstorage
25 silly mapToRegistry using default registry
26 silly mapToRegistry registry https://registry.npmjs.org/
27 silly mapToRegistry data Result {
27 silly mapToRegistry   raw: 'ngstorage',
27 silly mapToRegistry   scope: null,
27 silly mapToRegistry   name: 'ngstorage',
27 silly mapToRegistry   rawSpec: '',
27 silly mapToRegistry   spec: 'latest',
27 silly mapToRegistry   type: 'tag' }
28 silly mapToRegistry uri https://registry.npmjs.org/ngstorage
29 verbose addNameTag registry:https://registry.npmjs.org/ngstorage not in flight; fetching
30 verbose request uri https://registry.npmjs.org/ngstorage
31 verbose request no auth needed
32 info attempt registry request try #1 at 8:04:08 PM
33 verbose request id 1af35ef3ac33ae20
34 http request GET https://registry.npmjs.org/ngstorage
35 http 200 https://registry.npmjs.org/ngstorage
36 verbose headers { server: 'CouchDB/1.5.0 (Erlang OTP/R16B03)',
36 verbose headers   etag: '"9TPX3KGF1ASTJXT83BOEXLBXW"',
36 verbose headers   'content-type': 'application/json',
36 verbose headers   'content-encoding': 'gzip',
36 verbose headers   'cache-control': 'max-age=300',
36 verbose headers   'content-length': '4879',
36 verbose headers   'accept-ranges': 'bytes',
36 verbose headers   date: 'Wed, 18 May 2016 03:04:08 GMT',
36 verbose headers   via: '1.1 varnish',
36 verbose headers   age: '227',
36 verbose headers   connection: 'keep-alive',
36 verbose headers   'x-served-by': 'cache-lax1438-LAX',
36 verbose headers   'x-cache': 'HIT',
36 verbose headers   'x-cache-hits': '1',
36 verbose headers   'x-timer': 'S1463540648.115542,VS0,VE0',
36 verbose headers   vary: 'Accept-Encoding' }
37 silly get cb [ 200,
37 silly get   { server: 'CouchDB/1.5.0 (Erlang OTP/R16B03)',
37 silly get     etag: '"9TPX3KGF1ASTJXT83BOEXLBXW"',
37 silly get     'content-type': 'application/json',
37 silly get     'content-encoding': 'gzip',
37 silly get     'cache-control': 'max-age=300',
37 silly get     'content-length': '4879',
37 silly get     'accept-ranges': 'bytes',
37 silly get     date: 'Wed, 18 May 2016 03:04:08 GMT',
37 silly get     via: '1.1 varnish',
37 silly get     age: '227',
37 silly get     connection: 'keep-alive',
37 silly get     'x-served-by': 'cache-lax1438-LAX',
37 silly get     'x-cache': 'HIT',
37 silly get     'x-cache-hits': '1',
37 silly get     'x-timer': 'S1463540648.115542,VS0,VE0',
37 silly get     vary: 'Accept-Encoding' } ]
38 verbose get saving ngstorage to C:\Users\Bailey\AppData\Roaming\npm-cache\registry.npmjs.org\ngstorage\.cache.json
39 verbose correctMkdir C:\Users\Bailey\AppData\Roaming\npm-cache correctMkdir not in flight; initializing
40 silly addNameTag next cb for ngstorage with tag latest
41 silly addNamed ngstorage@0.3.10
42 verbose addNamed "0.3.10" is a plain semver version for ngstorage
43 silly mapToRegistry name ngstorage
44 silly mapToRegistry using default registry
45 silly mapToRegistry registry https://registry.npmjs.org/
46 silly mapToRegistry data Result {
46 silly mapToRegistry   raw: 'ngstorage',
46 silly mapToRegistry   scope: null,
46 silly mapToRegistry   name: 'ngstorage',
46 silly mapToRegistry   rawSpec: '',
46 silly mapToRegistry   spec: 'latest',
46 silly mapToRegistry   type: 'tag' }
47 silly mapToRegistry uri https://registry.npmjs.org/ngstorage
48 verbose addRemoteTarball https://registry.npmjs.org/ngstorage/-/ngstorage-0.3.10.tgz not in flight; adding
49 verbose addRemoteTarball [ 'https://registry.npmjs.org/ngstorage/-/ngstorage-0.3.10.tgz',
49 verbose addRemoteTarball   'e53bbb1015c31375ef56c61ad3dec25d14dc414e' ]
50 info retry fetch attempt 1 at 8:04:09 PM
51 info attempt registry request try #1 at 8:04:09 PM
52 http fetch GET https://registry.npmjs.org/ngstorage/-/ngstorage-0.3.10.tgz
53 http fetch 200 https://registry.npmjs.org/ngstorage/-/ngstorage-0.3.10.tgz
54 silly fetchAndShaCheck shasum e53bbb1015c31375ef56c61ad3dec25d14dc414e
55 verbose addTmpTarball C:\Users\Bailey\AppData\Local\Temp\npm-32300-9cc1647a\registry.npmjs.org\ngstorage\-\ngstorage-0.3.10.tgz not in flight; adding
56 verbose addTmpTarball already have metadata; skipping unpack for ngstorage@0.3.10
57 verbose correctMkdir C:\Users\Bailey\AppData\Roaming\npm-cache correctMkdir not in flight; initializing
58 silly cache afterAdd ngstorage@0.3.10
59 verbose afterAdd C:\Users\Bailey\AppData\Roaming\npm-cache\ngstorage\0.3.10\package\package.json not in flight; writing
60 verbose correctMkdir C:\Users\Bailey\AppData\Roaming\npm-cache correctMkdir not in flight; initializing
61 verbose afterAdd C:\Users\Bailey\AppData\Roaming\npm-cache\ngstorage\0.3.10\package\package.json written
62 silly install resolved [ { name: 'ngstorage',
62 silly install resolved     version: '0.3.10',
62 silly install resolved     author: { name: 'Gias Kay Lee' },
62 silly install resolved     licenses: [ [Object] ],
62 silly install resolved     repository:
62 silly install resolved      { type: 'git',
62 silly install resolved        url: 'git+https://github.com/gsklee/ngStorage.git' },
62 silly install resolved     main: 'ngStorage.js',
62 silly install resolved     scripts: { test: 'grunt test' },
62 silly install resolved     devDependencies:
62 silly install resolved      { bower: '^1.x',
62 silly install resolved        grunt: '^0.4.1',
62 silly install resolved        'grunt-cli': '^0.1.11',
62 silly install resolved        'grunt-contrib-uglify': '^0.x',
62 silly install resolved        'grunt-karma': '^0.x',
62 silly install resolved        karma: '^0.13.2',
62 silly install resolved        'karma-chrome-launcher': '^0.2.0',
62 silly install resolved        'karma-firefox-launcher': '^0.1.3',
62 silly install resolved        'karma-mocha': '^0.2.0',
62 silly install resolved        'karma-phantomjs-launcher': '^0.2.0',
62 silly install resolved        mocha: '^2.2.4',
62 silly install resolved        phantomjs: '^1.9.17' },
62 silly install resolved     dependencies: {},
62 silly install resolved     gitHead: '8ee59a08fe925563f0a1123180885b40ec3e8528',
62 silly install resolved     description: 'ngStorage =========',
62 silly install resolved     bugs: { url: 'https://github.com/gsklee/ngStorage/issues' },
62 silly install resolved     homepage: 'https://github.com/gsklee/ngStorage#readme',
62 silly install resolved     _id: 'ngstorage@0.3.10',
62 silly install resolved     _shasum: 'e53bbb1015c31375ef56c61ad3dec25d14dc414e',
62 silly install resolved     _from: 'ngstorage@latest',
62 silly install resolved     _npmVersion: '3.3.12',
62 silly install resolved     _nodeVersion: '0.12.7',
62 silly install resolved     _npmUser: { name: 'egilkh', email: 'egilkh@gmail.com' },
62 silly install resolved     dist:
62 silly install resolved      { shasum: 'e53bbb1015c31375ef56c61ad3dec25d14dc414e',
62 silly install resolved        tarball: 'https://registry.npmjs.org/ngstorage/-/ngstorage-0.3.10.tgz' },
62 silly install resolved     maintainers: [ [Object] ],
62 silly install resolved     directories: {},
62 silly install resolved     _resolved: 'https://registry.npmjs.org/ngstorage/-/ngstorage-0.3.10.tgz' } ]
63 info install ngstorage@0.3.10 into C:\Users\Bailey\Documents\GitHub\recipe_box
64 info installOne ngstorage@0.3.10
65 verbose installOne of ngstorage to C:\Users\Bailey\Documents\GitHub\recipe_box not in flight; installing
66 verbose correctMkdir C:\Users\Bailey\AppData\Roaming\npm-cache\_locks correctMkdir not in flight; initializing
67 verbose lock using C:\Users\Bailey\AppData\Roaming\npm-cache\_locks\ngstorage-aa5be6e54d446539.lock for C:\Users\Bailey\Documents\GitHub\recipe_box\node_modules\ngstorage
68 silly install write writing ngstorage 0.3.10 to C:\Users\Bailey\Documents\GitHub\recipe_box\node_modules\ngstorage
69 verbose unbuild node_modules\ngstorage
70 silly gentlyRm C:\Users\Bailey\Documents\GitHub\recipe_box\node_modules\ngstorage is being purged from base C:\Users\Bailey\Documents\GitHub\recipe_box
71 verbose gentlyRm don't care about contents; nuking C:\Users\Bailey\Documents\GitHub\recipe_box\node_modules\ngstorage
72 verbose tar unpack C:\Users\Bailey\AppData\Roaming\npm-cache\ngstorage\0.3.10\package.tgz
73 verbose tar unpacking to C:\Users\Bailey\Documents\GitHub\recipe_box\node_modules\ngstorage
74 silly gentlyRm C:\Users\Bailey\Documents\GitHub\recipe_box\node_modules\ngstorage is being purged
75 verbose gentlyRm don't care about contents; nuking C:\Users\Bailey\Documents\GitHub\recipe_box\node_modules\ngstorage
76 silly gunzTarPerm modes [ '777', '666' ]
77 silly gunzTarPerm extractEntry package.json
78 silly gunzTarPerm modified mode [ 'package.json', 420, 438 ]
79 silly gunzTarPerm extractEntry README.md
80 silly gunzTarPerm modified mode [ 'README.md', 420, 438 ]
81 silly gunzTarPerm extractEntry LICENSE
82 silly gunzTarPerm modified mode [ 'LICENSE', 420, 438 ]
83 silly gunzTarPerm extractEntry ngStorage.js
84 silly gunzTarPerm modified mode [ 'ngStorage.js', 420, 438 ]
85 silly gunzTarPerm extractEntry ngStorage.min.js
86 silly gunzTarPerm modified mode [ 'ngStorage.min.js', 420, 438 ]
87 silly gunzTarPerm extractEntry CHANGELOG.md
88 silly gunzTarPerm modified mode [ 'CHANGELOG.md', 420, 438 ]
89 verbose write writing to C:\Users\Bailey\Documents\GitHub\recipe_box\node_modules\ngstorage\package.json
90 info preinstall ngstorage@0.3.10
91 verbose readDependencies loading dependencies from C:\Users\Bailey\Documents\GitHub\recipe_box\node_modules\ngstorage\package.json
92 verbose readDependencies loading dependencies from C:\Users\Bailey\Documents\GitHub\recipe_box\node_modules\ngstorage\package.json
93 silly install resolved []
94 verbose about to build C:\Users\Bailey\Documents\GitHub\recipe_box\node_modules\ngstorage
95 info build C:\Users\Bailey\Documents\GitHub\recipe_box\node_modules\ngstorage
96 info linkStuff ngstorage@0.3.10
97 silly linkStuff ngstorage@0.3.10 has C:\Users\Bailey\Documents\GitHub\recipe_box\node_modules as its parent node_modules
98 verbose linkBins ngstorage@0.3.10
99 verbose linkMans ngstorage@0.3.10
100 verbose rebuildBundles ngstorage@0.3.10
101 info install ngstorage@0.3.10
102 info postinstall ngstorage@0.3.10
103 verbose unlock done using C:\Users\Bailey\AppData\Roaming\npm-cache\_locks\ngstorage-aa5be6e54d446539.lock for C:\Users\Bailey\Documents\GitHub\recipe_box\node_modules\ngstorage
104 verbose validateInstall loading C:\Users\Bailey\Documents\GitHub\recipe_box\package.json for validation
105 verbose stack Error: The package karma@0.10.10 does not satisfy its siblings' peerDependencies requirements!
105 verbose stack     at C:\Program Files\nodejs\node_modules\npm\lib\install.js:125:32
105 verbose stack     at C:\Program Files\nodejs\node_modules\npm\lib\install.js:268:7
105 verbose stack     at C:\Program Files\nodejs\node_modules\npm\node_modules\read-installed\read-installed.js:142:5
105 verbose stack     at C:\Program Files\nodejs\node_modules\npm\node_modules\read-installed\read-installed.js:263:14
105 verbose stack     at cb (C:\Program Files\nodejs\node_modules\npm\node_modules\slide\lib\async-map.js:47:24)
105 verbose stack     at C:\Program Files\nodejs\node_modules\npm\node_modules\read-installed\read-installed.js:263:14
105 verbose stack     at cb (C:\Program Files\nodejs\node_modules\npm\node_modules\slide\lib\async-map.js:47:24)
105 verbose stack     at C:\Program Files\nodejs\node_modules\npm\node_modules\read-installed\read-installed.js:263:14
105 verbose stack     at cb (C:\Program Files\nodejs\node_modules\npm\node_modules\slide\lib\async-map.js:47:24)
105 verbose stack     at C:\Program Files\nodejs\node_modules\npm\node_modules\read-installed\read-installed.js:263:14
106 verbose cwd C:\Users\Bailey\Documents\GitHub\recipe_box
107 error Windows_NT 10.0.10586
108 error argv "C:\\Program Files\\nodejs\\node.exe" "C:\\Program Files\\nodejs\\node_modules\\npm\\bin\\npm-cli.js" "install" "ngstorage"
109 error node v4.4.3
110 error npm  v2.15.1
111 error code EPEERINVALID
112 error peerinvalid The package karma@0.10.10 does not satisfy its siblings' peerDependencies requirements!
112 error peerinvalid Peer grunt-karma@0.7.3 wants karma@~0.12.0
112 error peerinvalid Peer karma-html2js-preprocessor@0.1.0 wants karma@>=0.9
112 error peerinvalid Peer karma-coffee-preprocessor@0.1.3 wants karma@>=0.9
112 error peerinvalid Peer karma-mocha@0.1.10 wants karma@>=0.12.8
112 error peerinvalid Peer karma-script-launcher@0.1.0 wants karma@>=0.9
112 error peerinvalid Peer karma-phantomjs-launcher@0.1.4 wants karma@>=0.9
112 error peerinvalid Peer karma-jasmine@0.1.6 wants karma@>=0.9
112 error peerinvalid Peer karma-requirejs@0.2.6 wants karma@>=0.9
113 verbose exit [ 1, true ]
